<?xml version="1.0"?>
<testsuite name="PhantomJS 2.1.1 (Mac OS X 0.0.0)" package="" timestamp="2016-12-26T17:24:37" id="0" hostname="Huseyins-MacBook-Pro.local" tests="8" errors="0" failures="0" time="0.028">
  <properties>
    <property name="browser.fullName" value="Mozilla/5.0 (Macintosh; Intel Mac OS X) AppleWebKit/538.1 (KHTML, like Gecko) PhantomJS/2.1.1 Safari/538.1"/>
  </properties>
  <testcase name="the app component should return the correct name" time="0.002" classname="PhantomJS_2_1_1_(Mac_OS_X_0_0_0).the app component"/>
  <testcase name="the app component should include the header component" time="0.002" classname="PhantomJS_2_1_1_(Mac_OS_X_0_0_0).the app component"/>
  <testcase name="the app component should render correctly (header and view component should be available)" time="0.009" classname="PhantomJS_2_1_1_(Mac_OS_X_0_0_0).the app component"/>
  <testcase name="the header component should return the navItems to use them in the view template" time="0.001" classname="PhantomJS_2_1_1_(Mac_OS_X_0_0_0).the header component"/>
  <testcase name="the header component should render correctly (brand image and navigation should be initialized)" time="0.006" classname="PhantomJS_2_1_1_(Mac_OS_X_0_0_0).the header component"/>
  <testcase name="the header component should have a toggleCollapse function" time="0.001" classname="PhantomJS_2_1_1_(Mac_OS_X_0_0_0).the header component"/>
  <testcase name="the Home route component should return objects for the view template" time="0" classname="PhantomJS_2_1_1_(Mac_OS_X_0_0_0).the Home route component"/>
  <testcase name="the Home route component rendered component should render the title and description correctly" time="0.007" classname="PhantomJS_2_1_1_(Mac_OS_X_0_0_0).the Home route component"/>
  <system-out>
    <![CDATA[PhantomJS 2.1.1 (Mac OS X 0.0.0) ERROR: '[Vue warn]: Unknown custom element: <router-view> - did you register the component correctly? For recursive components, make sure to provide the "name" option. 
(found in root instance)'

]]>
  </system-out>
  <system-err/>
</testsuite>